[2026-06-14 01:10:34] [INFO] [0;32m=== Déploiement automatique ===[0m
[2026-06-14 01:10:34] [INFO] Dépôt cible  : https://github.com/diop777/tp-devops-ucad.git
[2026-06-14 01:10:34] [INFO] Dossier local : mon_app
[2026-06-14 01:10:34] [INFO] Vérification des dépendances...
[2026-06-14 01:10:34] [INFO]   ✔ git trouvé : /mingw64/bin/git
[2026-06-14 01:10:34] [INFO]   ✔ node trouvé : /c/Program Files/nodejs/node
[2026-06-14 01:10:35] [INFO]   ✔ npm trouvé : /c/Program Files/nodejs/npm
[2026-06-14 01:10:35] [INFO] Clonage du repository...
Cloning into 'mon_app'...
npm warn deprecated inflight@1.0.6: This module is not supported, and leaks memory. Do not use it. Check out lru-cache if you want a good and tested way to coalesce async requests by a key value, which is much more comprehensive and powerful.
npm warn deprecated glob@7.2.3: Old versions of glob are not supported, and contain widely publicized security vulnerabilities, which have been fixed in the current version. Please update. Support for old versions may be purchased (at exorbitant rates) by contacting i@izs.me
npm warn deprecated supertest@6.3.4: Please upgrade to supertest v7.1.3+, see release notes at https://github.com/forwardemail/supertest/releases/tag/v7.1.3 - maintenance is supported by Forward Email @ https://forwardemail.net
npm warn deprecated superagent@8.1.2: Please upgrade to superagent v10.2.2+, see release notes at https://github.com/forwardemail/superagent/releases/tag/v10.2.2 - maintenance is supported by Forward Email @ https://forwardemail.net

added 355 packages, and audited 356 packages in 19s

50 packages are looking for funding
  run `npm fund` for details

found 0 vulnerabilities

> mon-app@1.0.0 test
> jest --forceExit

PASS test/app.test.js
  API Tests
    √ GET / doit retourner pong (42 ms)
    √ GET /health doit retourner status ok (7 ms)

Test Suites: 1 passed, 1 total
Tests:       2 passed, 2 total
Snapshots:   0 total
Time:        2.909 s
Ran all test suites.
Force exiting Jest: Have you considered using `--detectOpenHandles` to detect async operations that kept running after all tests finished?
